[    33.726] (WW) Failed to open protocol names file lib/xorg/protocol.txt
[    33.726] 
X.Org X Server 1.20.9
X Protocol Version 11, Revision 0
[    33.726] Build Operating System: Linux Arch Linux
[    33.727] Current Operating System: Linux thinkpad 5.9.10-arch1-1 #1 SMP PREEMPT Sun, 22 Nov 2020 14:16:59 +0000 x86_64
[    33.727] Kernel command line: BOOT_IMAGE=/vmlinuz-linux root=UUID=5c7f40ee-bb35-4483-b760-50a712ce8e42 rw loglevel=3 quiet
[    33.727] Build Date: 19 November 2020  11:42:45AM
[    33.727]  
[    33.727] Current version of pixman: 0.40.0
[    33.727] 	Before reporting problems, check http://wiki.x.org
	to make sure that you have the latest version.
[    33.727] Markers: (--) probed, (**) from config file, (==) default setting,
	(++) from command line, (!!) notice, (II) informational,
	(WW) warning, (EE) error, (NI) not implemented, (??) unknown.
[    33.727] (==) Log file: "/home/jim/.local/share/xorg/Xorg.0.log", Time: Fri Nov 27 16:19:58 2020
[    33.729] (==) Using system config directory "/usr/share/X11/xorg.conf.d"
[    33.729] (==) No Layout section.  Using the first Screen section.
[    33.729] (==) No screen section available. Using defaults.
[    33.729] (**) |-->Screen "Default Screen Section" (0)
[    33.729] (**) |   |-->Monitor "<default monitor>"
[    33.729] (==) No monitor specified for screen "Default Screen Section".
	Using a default monitor configuration.
[    33.729] (==) Automatically adding devices
[    33.729] (==) Automatically enabling devices
[    33.729] (==) Automatically adding GPU devices
[    33.729] (==) Automatically binding GPU devices
[    33.729] (==) Max clients allowed: 256, resource mask: 0x1fffff
[    33.730] (WW) The directory "/usr/share/fonts/misc" does not exist.
[    33.730] 	Entry deleted from font path.
[    33.730] (WW) The directory "/usr/share/fonts/OTF" does not exist.
[    33.730] 	Entry deleted from font path.
[    33.731] (==) FontPath set to:
	/usr/share/fonts/TTF,
	/usr/share/fonts/Type1,
	/usr/share/fonts/100dpi,
	/usr/share/fonts/75dpi
[    33.731] (==) ModulePath set to "/usr/lib/xorg/modules"
[    33.731] (II) The server relies on udev to provide the list of input devices.
	If no devices become available, reconfigure udev or disable AutoAddDevices.
[    33.731] (II) Module ABI versions:
[    33.731] 	X.Org ANSI C Emulation: 0.4
[    33.731] 	X.Org Video Driver: 24.1
[    33.731] 	X.Org XInput driver : 24.1
[    33.731] 	X.Org Server Extension : 10.0
[    33.731] (++) using VT number 1

[    33.733] (II) systemd-logind: took control of session /org/freedesktop/login1/session/_31
[    33.733] (II) xfree86: Adding drm device (/dev/dri/card0)
[    33.734] (II) systemd-logind: got fd for /dev/dri/card0 226:0 fd 10 paused 0
[    33.736] (--) PCI:*(0@0:2:0) 8086:5917:17aa:225c rev 7, Mem @ 0x2ffa000000/16777216, 0xb0000000/268435456, I/O @ 0x0000e000/64, BIOS @ 0x????????/131072
[    33.736] (WW) Open ACPI failed (/var/run/acpid.socket) (No such file or directory)
[    33.736] (II) LoadModule: "glx"
[    33.737] (II) Loading /usr/lib/xorg/modules/extensions/libglx.so
[    33.742] (II) Module glx: vendor="X.Org Foundation"
[    33.742] 	compiled for 1.20.9, module version = 1.0.0
[    33.742] 	ABI class: X.Org Server Extension, version 10.0
[    33.742] (==) Matched intel as autoconfigured driver 0
[    33.742] (==) Matched modesetting as autoconfigured driver 1
[    33.742] (==) Matched fbdev as autoconfigured driver 2
[    33.742] (==) Matched vesa as autoconfigured driver 3
[    33.742] (==) Assigned the driver to the xf86ConfigLayout
[    33.742] (II) LoadModule: "intel"
[    33.743] (II) Loading /usr/lib/xorg/modules/drivers/intel_drv.so
[    33.744] (II) Module intel: vendor="X.Org Foundation"
[    33.744] 	compiled for 1.20.9, module version = 2.99.917
[    33.744] 	Module class: X.Org Video Driver
[    33.744] 	ABI class: X.Org Video Driver, version 24.1
[    33.744] (II) LoadModule: "modesetting"
[    33.744] (II) Loading /usr/lib/xorg/modules/drivers/modesetting_drv.so
[    33.746] (II) Module modesetting: vendor="X.Org Foundation"
[    33.746] 	compiled for 1.20.9, module version = 1.20.9
[    33.746] 	Module class: X.Org Video Driver
[    33.746] 	ABI class: X.Org Video Driver, version 24.1
[    33.746] (II) LoadModule: "fbdev"
[    33.746] (WW) Warning, couldn't open module fbdev
[    33.746] (EE) Failed to load module "fbdev" (module does not exist, 0)
[    33.746] (II) LoadModule: "vesa"
[    33.746] (II) Loading /usr/lib/xorg/modules/drivers/vesa_drv.so
[    33.746] (II) Module vesa: vendor="X.Org Foundation"
[    33.746] 	compiled for 1.20.9, module version = 2.5.0
[    33.746] 	Module class: X.Org Video Driver
[    33.746] 	ABI class: X.Org Video Driver, version 24.1
[    33.746] (II) intel: Driver for Intel(R) Integrated Graphics Chipsets:
	i810, i810-dc100, i810e, i815, i830M, 845G, 854, 852GM/855GM, 865G,
	915G, E7221 (i915), 915GM, 945G, 945GM, 945GME, Pineview GM,
	Pineview G, 965G, G35, 965Q, 946GZ, 965GM, 965GME/GLE, G33, Q35, Q33,
	GM45, 4 Series, G45/G43, Q45/Q43, G41, B43
[    33.746] (II) intel: Driver for Intel(R) HD Graphics
[    33.746] (II) intel: Driver for Intel(R) Iris(TM) Graphics
[    33.746] (II) intel: Driver for Intel(R) Iris(TM) Pro Graphics
[    33.746] (II) modesetting: Driver for Modesetting Kernel Drivers: kms
[    33.746] (II) VESA: driver for VESA chipsets: vesa
[    33.746] xf86EnableIOPorts: failed to set IOPL for I/O (Operation not permitted)
[    33.747] (II) intel(0): Using Kernel Mode Setting driver: i915, version 1.6.0 20200715
[    33.747] (II) intel(0): SNA compiled from 2.99.917-912-gad5540f6
[    33.762] (WW) Falling back to old probe method for modesetting
[    33.762] (WW) VGA arbiter: cannot open kernel arbiter, no multi-card support
[    33.763] (--) intel(0): gen9 engineering sample
[    33.763] (--) intel(0): CPU: x86-64, sse2, sse3, ssse3, sse4.1, sse4.2, avx, avx2; using a maximum of 4 threads
[    33.763] (II) intel(0): Creating default Display subsection in Screen section
	"Default Screen Section" for depth/fbbpp 24/32
[    33.763] (==) intel(0): Depth 24, (--) framebuffer bpp 32
[    33.763] (==) intel(0): RGB weight 888
[    33.763] (==) intel(0): Default visual is TrueColor
[    33.763] (II) intel(0): Output eDP1 has no monitor section
[    33.764] (**) intel(0): Found backlight control interface intel_backlight (type 'raw') for output eDP1
[    33.764] (II) intel(0): Enabled output eDP1
[    33.764] (II) intel(0): Output DP1 has no monitor section
[    33.764] (II) intel(0): Enabled output DP1
[    33.764] (II) intel(0): Output HDMI1 has no monitor section
[    33.764] (II) intel(0): Enabled output HDMI1
[    33.764] (II) intel(0): Output DP2 has no monitor section
[    33.764] (II) intel(0): Enabled output DP2
[    33.764] (II) intel(0): Output HDMI2 has no monitor section
[    33.764] (II) intel(0): Enabled output HDMI2
[    33.764] (--) intel(0): Using a maximum size of 256x256 for hardware cursors
[    33.764] (II) intel(0): Output VIRTUAL1 has no monitor section
[    33.765] (II) intel(0): Enabled output VIRTUAL1
[    33.765] (--) intel(0): Output eDP1 using initial mode 2560x1440 on pipe 0
[    33.765] (==) intel(0): TearFree disabled
[    33.765] (==) intel(0): Using gamma correction (1.0, 1.0, 1.0)
[    33.765] (==) intel(0): DPI set to (96, 96)
[    33.765] (II) Loading sub module "dri3"
[    33.765] (II) LoadModule: "dri3"
[    33.765] (II) Module "dri3" already built-in
[    33.765] (II) Loading sub module "dri2"
[    33.765] (II) LoadModule: "dri2"
[    33.765] (II) Module "dri2" already built-in
[    33.765] (II) Loading sub module "present"
[    33.765] (II) LoadModule: "present"
[    33.765] (II) Module "present" already built-in
[    33.765] (II) UnloadModule: "modesetting"
[    33.765] (II) Unloading modesetting
[    33.765] (II) UnloadModule: "vesa"
[    33.765] (II) Unloading vesa
[    33.766] (II) intel(0): SNA initialized with Kabylake (gen9) backend
[    33.766] (==) intel(0): Backing store enabled
[    33.766] (==) intel(0): Silken mouse disabled
[    33.766] (II) intel(0): HW Cursor enabled
[    33.767] (==) intel(0): DPMS enabled
[    33.767] (==) intel(0): Display hotplug detection enabled
[    33.767] (II) intel(0): [DRI2] Setup complete
[    33.767] (II) intel(0): [DRI2]   DRI driver: i965
[    33.767] (II) intel(0): [DRI2]   VDPAU driver: va_gl
[    33.767] (II) intel(0): direct rendering: DRI2 DRI3 enabled
[    33.767] (II) intel(0): hardware support for Present enabled
[    33.767] (II) Initializing extension Generic Event Extension
[    33.767] (II) Initializing extension SHAPE
[    33.767] (II) Initializing extension MIT-SHM
[    33.767] (II) Initializing extension XInputExtension
[    33.768] (II) Initializing extension XTEST
[    33.768] (II) Initializing extension BIG-REQUESTS
[    33.768] (II) Initializing extension SYNC
[    33.768] (II) Initializing extension XKEYBOARD
[    33.768] (II) Initializing extension XC-MISC
[    33.768] (II) Initializing extension SECURITY
[    33.768] (II) Initializing extension XFIXES
[    33.768] (II) Initializing extension RENDER
[    33.768] (II) Initializing extension RANDR
[    33.768] (II) Initializing extension COMPOSITE
[    33.768] (II) Initializing extension DAMAGE
[    33.768] (II) Initializing extension MIT-SCREEN-SAVER
[    33.768] (II) Initializing extension DOUBLE-BUFFER
[    33.768] (II) Initializing extension RECORD
[    33.768] (II) Initializing extension DPMS
[    33.768] (II) Initializing extension Present
[    33.768] (II) Initializing extension DRI3
[    33.768] (II) Initializing extension X-Resource
[    33.768] (II) Initializing extension XVideo
[    33.768] (II) Initializing extension XVideo-MotionCompensation
[    33.768] (II) Initializing extension GLX
[    33.788] (II) AIGLX: Loaded and initialized i965
[    33.788] (II) GLX: Initialized DRI2 GL provider for screen 0
[    33.788] (II) Initializing extension XFree86-VidModeExtension
[    33.788] (II) Initializing extension XFree86-DGA
[    33.788] (II) Initializing extension XFree86-DRI
[    33.788] (II) Initializing extension DRI2
[    33.793] (II) intel(0): switch to mode 2560x1440@60.0 on eDP1 using pipe 0, position (0, 0), rotation normal, reflection none
[    33.795] (II) intel(0): Setting screen physical size to 677 x 381
[    33.852] (II) config/udev: Adding input device Power Button (/dev/input/event2)
[    33.852] (**) Power Button: Applying InputClass "libinput keyboard catchall"
[    33.852] (II) LoadModule: "libinput"
[    33.852] (II) Loading /usr/lib/xorg/modules/input/libinput_drv.so
[    33.857] (II) Module libinput: vendor="X.Org Foundation"
[    33.857] 	compiled for 1.20.8, module version = 0.30.0
[    33.857] 	Module class: X.Org XInput Driver
[    33.857] 	ABI class: X.Org XInput driver, version 24.1
[    33.857] (II) Using input driver 'libinput' for 'Power Button'
[    33.858] (II) systemd-logind: got fd for /dev/input/event2 13:66 fd 16 paused 0
[    33.858] (**) Power Button: always reports core events
[    33.858] (**) Option "Device" "/dev/input/event2"
[    33.858] (**) Option "_source" "server/udev"
[    33.865] (II) event2  - Power Button: is tagged by udev as: Keyboard
[    33.865] (II) event2  - Power Button: device is a keyboard
[    33.865] (II) event2  - Power Button: device removed
[    33.865] (**) Option "config_info" "udev:/sys/devices/LNXSYSTM:00/LNXPWRBN:00/input/input2/event2"
[    33.865] (II) XINPUT: Adding extended input device "Power Button" (type: KEYBOARD, id 6)
[    33.866] (II) event2  - Power Button: is tagged by udev as: Keyboard
[    33.866] (II) event2  - Power Button: device is a keyboard
[    33.866] (II) config/udev: Adding input device Video Bus (/dev/input/event8)
[    33.866] (**) Video Bus: Applying InputClass "libinput keyboard catchall"
[    33.866] (II) Using input driver 'libinput' for 'Video Bus'
[    33.867] (II) systemd-logind: got fd for /dev/input/event8 13:72 fd 19 paused 0
[    33.867] (**) Video Bus: always reports core events
[    33.867] (**) Option "Device" "/dev/input/event8"
[    33.867] (**) Option "_source" "server/udev"
[    33.868] (II) event8  - Video Bus: is tagged by udev as: Keyboard
[    33.868] (II) event8  - Video Bus: device is a keyboard
[    33.868] (II) event8  - Video Bus: device removed
[    33.868] (**) Option "config_info" "udev:/sys/devices/LNXSYSTM:00/LNXSYBUS:00/PNP0A08:00/LNXVIDEO:00/input/input10/event8"
[    33.868] (II) XINPUT: Adding extended input device "Video Bus" (type: KEYBOARD, id 7)
[    33.869] (II) event8  - Video Bus: is tagged by udev as: Keyboard
[    33.869] (II) event8  - Video Bus: device is a keyboard
[    33.869] (II) config/udev: Adding input device Lid Switch (/dev/input/event1)
[    33.869] (II) No input driver specified, ignoring this device.
[    33.869] (II) This device may have been added with another device file.
[    33.869] (II) config/udev: Adding input device Sleep Button (/dev/input/event0)
[    33.869] (**) Sleep Button: Applying InputClass "libinput keyboard catchall"
[    33.869] (II) Using input driver 'libinput' for 'Sleep Button'
[    33.870] (II) systemd-logind: got fd for /dev/input/event0 13:64 fd 20 paused 0
[    33.870] (**) Sleep Button: always reports core events
[    33.870] (**) Option "Device" "/dev/input/event0"
[    33.870] (**) Option "_source" "server/udev"
[    33.871] (II) event0  - Sleep Button: is tagged by udev as: Keyboard
[    33.871] (II) event0  - Sleep Button: device is a keyboard
[    33.871] (II) event0  - Sleep Button: device removed
[    33.871] (**) Option "config_info" "udev:/sys/devices/LNXSYSTM:00/LNXSYBUS:00/PNP0C0E:00/input/input0/event0"
[    33.871] (II) XINPUT: Adding extended input device "Sleep Button" (type: KEYBOARD, id 8)
[    33.872] (II) event0  - Sleep Button: is tagged by udev as: Keyboard
[    33.872] (II) event0  - Sleep Button: device is a keyboard
[    33.872] (II) config/udev: Adding input device Integrated IR Camera: Integrate (/dev/input/event6)
[    33.872] (**) Integrated IR Camera: Integrate: Applying InputClass "libinput keyboard catchall"
[    33.872] (II) Using input driver 'libinput' for 'Integrated IR Camera: Integrate'
[    33.873] (II) systemd-logind: got fd for /dev/input/event6 13:70 fd 21 paused 0
[    33.873] (**) Integrated IR Camera: Integrate: always reports core events
[    33.873] (**) Option "Device" "/dev/input/event6"
[    33.873] (**) Option "_source" "server/udev"
[    33.874] (II) event6  - Integrated IR Camera: Integrate: is tagged by udev as: Keyboard
[    33.874] (II) event6  - Integrated IR Camera: Integrate: device is a keyboard
[    33.874] (II) event6  - Integrated IR Camera: Integrate: device removed
[    33.874] (**) Option "config_info" "udev:/sys/devices/pci0000:00/0000:00:14.0/usb1/1-5/1-5:1.0/input/input8/event6"
[    33.874] (II) XINPUT: Adding extended input device "Integrated IR Camera: Integrate" (type: KEYBOARD, id 9)
[    33.875] (II) event6  - Integrated IR Camera: Integrate: is tagged by udev as: Keyboard
[    33.875] (II) event6  - Integrated IR Camera: Integrate: device is a keyboard
[    33.876] (II) config/udev: Adding input device Integrated Camera: Integrated C (/dev/input/event7)
[    33.876] (**) Integrated Camera: Integrated C: Applying InputClass "libinput keyboard catchall"
[    33.876] (II) Using input driver 'libinput' for 'Integrated Camera: Integrated C'
[    33.876] (II) systemd-logind: got fd for /dev/input/event7 13:71 fd 22 paused 0
[    33.876] (**) Integrated Camera: Integrated C: always reports core events
[    33.876] (**) Option "Device" "/dev/input/event7"
[    33.876] (**) Option "_source" "server/udev"
[    33.877] (II) event7  - Integrated Camera: Integrated C: is tagged by udev as: Keyboard
[    33.877] (II) event7  - Integrated Camera: Integrated C: device is a keyboard
[    33.878] (II) event7  - Integrated Camera: Integrated C: device removed
[    33.878] (**) Option "config_info" "udev:/sys/devices/pci0000:00/0000:00:14.0/usb1/1-8/1-8:1.0/input/input9/event7"
[    33.878] (II) XINPUT: Adding extended input device "Integrated Camera: Integrated C" (type: KEYBOARD, id 10)
[    33.879] (II) event7  - Integrated Camera: Integrated C: is tagged by udev as: Keyboard
[    33.879] (II) event7  - Integrated Camera: Integrated C: device is a keyboard
[    33.879] (II) config/udev: Adding input device HDA Digital PCBeep (/dev/input/event10)
[    33.879] (II) No input driver specified, ignoring this device.
[    33.879] (II) This device may have been added with another device file.
[    33.879] (II) config/udev: Adding input device HDA Intel PCH Mic (/dev/input/event11)
[    33.879] (II) No input driver specified, ignoring this device.
[    33.879] (II) This device may have been added with another device file.
[    33.880] (II) config/udev: Adding input device HDA Intel PCH Headphone (/dev/input/event12)
[    33.880] (II) No input driver specified, ignoring this device.
[    33.880] (II) This device may have been added with another device file.
[    33.880] (II) config/udev: Adding input device HDA Intel PCH HDMI/DP,pcm=3 (/dev/input/event13)
[    33.880] (II) No input driver specified, ignoring this device.
[    33.880] (II) This device may have been added with another device file.
[    33.880] (II) config/udev: Adding input device HDA Intel PCH HDMI/DP,pcm=7 (/dev/input/event14)
[    33.880] (II) No input driver specified, ignoring this device.
[    33.880] (II) This device may have been added with another device file.
[    33.880] (II) config/udev: Adding input device HDA Intel PCH HDMI/DP,pcm=8 (/dev/input/event15)
[    33.880] (II) No input driver specified, ignoring this device.
[    33.880] (II) This device may have been added with another device file.
[    33.881] (II) config/udev: Adding input device HDA Intel PCH HDMI/DP,pcm=9 (/dev/input/event16)
[    33.881] (II) No input driver specified, ignoring this device.
[    33.881] (II) This device may have been added with another device file.
[    33.881] (II) config/udev: Adding input device HDA Intel PCH HDMI/DP,pcm=10 (/dev/input/event17)
[    33.881] (II) No input driver specified, ignoring this device.
[    33.881] (II) This device may have been added with another device file.
[    33.881] (II) config/udev: Adding input device AT Translated Set 2 keyboard (/dev/input/event3)
[    33.881] (**) AT Translated Set 2 keyboard: Applying InputClass "libinput keyboard catchall"
[    33.881] (II) Using input driver 'libinput' for 'AT Translated Set 2 keyboard'
[    33.882] (II) systemd-logind: got fd for /dev/input/event3 13:67 fd 23 paused 0
[    33.882] (**) AT Translated Set 2 keyboard: always reports core events
[    33.882] (**) Option "Device" "/dev/input/event3"
[    33.882] (**) Option "_source" "server/udev"
[    33.883] (II) event3  - AT Translated Set 2 keyboard: is tagged by udev as: Keyboard
[    33.883] (II) event3  - AT Translated Set 2 keyboard: device is a keyboard
[    33.883] (II) event3  - AT Translated Set 2 keyboard: device removed
[    33.883] (**) Option "config_info" "udev:/sys/devices/platform/i8042/serio0/input/input3/event3"
[    33.883] (II) XINPUT: Adding extended input device "AT Translated Set 2 keyboard" (type: KEYBOARD, id 11)
[    33.884] (II) event3  - AT Translated Set 2 keyboard: is tagged by udev as: Keyboard
[    33.884] (II) event3  - AT Translated Set 2 keyboard: device is a keyboard
[    33.885] (II) config/udev: Adding input device PC Speaker (/dev/input/event5)
[    33.885] (II) No input driver specified, ignoring this device.
[    33.885] (II) This device may have been added with another device file.
[    33.885] (II) config/udev: Adding input device ThinkPad Extra Buttons (/dev/input/event4)
[    33.885] (**) ThinkPad Extra Buttons: Applying InputClass "libinput keyboard catchall"
[    33.885] (II) Using input driver 'libinput' for 'ThinkPad Extra Buttons'
[    33.886] (II) systemd-logind: got fd for /dev/input/event4 13:68 fd 24 paused 0
[    33.886] (**) ThinkPad Extra Buttons: always reports core events
[    33.886] (**) Option "Device" "/dev/input/event4"
[    33.886] (**) Option "_source" "server/udev"
[    33.886] (II) event4  - ThinkPad Extra Buttons: is tagged by udev as: Keyboard Switch
[    33.886] (II) event4  - ThinkPad Extra Buttons: device is a keyboard
[    33.886] (II) event4  - ThinkPad Extra Buttons: device removed
[    33.886] (**) Option "config_info" "udev:/sys/devices/platform/thinkpad_acpi/input/input5/event4"
[    33.886] (II) XINPUT: Adding extended input device "ThinkPad Extra Buttons" (type: KEYBOARD, id 12)
[    33.887] (II) event4  - ThinkPad Extra Buttons: is tagged by udev as: Keyboard Switch
[    33.887] (II) event4  - ThinkPad Extra Buttons: device is a keyboard
[    33.887] (II) config/udev: Adding input device Synaptics TM3289-021 (/dev/input/event9)
[    33.888] (**) Synaptics TM3289-021: Applying InputClass "libinput touchpad catchall"
[    33.888] (II) Using input driver 'libinput' for 'Synaptics TM3289-021'
[    33.888] (II) systemd-logind: got fd for /dev/input/event9 13:73 fd 25 paused 0
[    33.888] (**) Synaptics TM3289-021: always reports core events
[    33.888] (**) Option "Device" "/dev/input/event9"
[    33.888] (**) Option "_source" "server/udev"
[    33.889] (II) event9  - Synaptics TM3289-021: is tagged by udev as: Touchpad
[    33.890] (II) event9  - Synaptics TM3289-021: device is a touchpad
[    33.890] (II) event9  - Synaptics TM3289-021: device removed
[    33.890] (**) Option "config_info" "udev:/sys/devices/rmi4-00/input/input11/event9"
[    33.890] (II) XINPUT: Adding extended input device "Synaptics TM3289-021" (type: TOUCHPAD, id 13)
[    33.890] (**) Option "AccelerationScheme" "none"
[    33.890] (**) Synaptics TM3289-021: (accel) selected scheme none/0
[    33.890] (**) Synaptics TM3289-021: (accel) acceleration factor: 2.000
[    33.890] (**) Synaptics TM3289-021: (accel) acceleration threshold: 4
[    33.891] (II) event9  - Synaptics TM3289-021: is tagged by udev as: Touchpad
[    33.892] (II) event9  - Synaptics TM3289-021: device is a touchpad
[    33.892] (II) config/udev: Adding input device Synaptics TM3289-021 (/dev/input/mouse0)
[    33.892] (II) No input driver specified, ignoring this device.
[    33.892] (II) This device may have been added with another device file.
[    33.893] (II) config/udev: Adding input device TPPS/2 Elan TrackPoint (/dev/input/event18)
[    33.893] (**) TPPS/2 Elan TrackPoint: Applying InputClass "libinput pointer catchall"
[    33.893] (II) Using input driver 'libinput' for 'TPPS/2 Elan TrackPoint'
[    33.893] (II) systemd-logind: got fd for /dev/input/event18 13:82 fd 26 paused 0
[    33.893] (**) TPPS/2 Elan TrackPoint: always reports core events
[    33.893] (**) Option "Device" "/dev/input/event18"
[    33.893] (**) Option "_source" "server/udev"
[    33.894] (II) event18 - TPPS/2 Elan TrackPoint: is tagged by udev as: Mouse Pointingstick
[    33.894] (II) event18 - TPPS/2 Elan TrackPoint: trackpoint multiplier is 0.40
[    33.894] (II) event18 - TPPS/2 Elan TrackPoint: device is a pointer
[    33.895] (II) event18 - TPPS/2 Elan TrackPoint: device removed
[    33.895] (**) Option "config_info" "udev:/sys/devices/rmi4-00/rmi4-00.fn03/serio2/input/input13/event18"
[    33.895] (II) XINPUT: Adding extended input device "TPPS/2 Elan TrackPoint" (type: MOUSE, id 14)
[    33.895] (**) Option "AccelerationScheme" "none"
[    33.895] (**) TPPS/2 Elan TrackPoint: (accel) selected scheme none/0
[    33.895] (**) TPPS/2 Elan TrackPoint: (accel) acceleration factor: 2.000
[    33.895] (**) TPPS/2 Elan TrackPoint: (accel) acceleration threshold: 4
[    33.896] (II) event18 - TPPS/2 Elan TrackPoint: is tagged by udev as: Mouse Pointingstick
[    33.896] (II) event18 - TPPS/2 Elan TrackPoint: trackpoint multiplier is 0.40
[    33.896] (II) event18 - TPPS/2 Elan TrackPoint: device is a pointer
[    33.897] (II) config/udev: Adding input device TPPS/2 Elan TrackPoint (/dev/input/mouse1)
[    33.897] (II) No input driver specified, ignoring this device.
[    33.897] (II) This device may have been added with another device file.
[    35.769] (II) intel(0): EDID vendor "LGD", prod id 1447
[    35.769] (II) intel(0): Printing DDC gathered Modelines:
[    35.769] (II) intel(0): Modeline "2560x1440"x0.0  241.69  2560 2608 2640 2720  1440 1450 1455 1481 +hsync -vsync (88.9 kHz eP)
[    35.769] (II) intel(0): Modeline "2560x1440"x0.0  193.36  2560 2608 2640 2720  1440 1450 1455 1481 +hsync -vsync (71.1 kHz e)
[    37.744] (II) intel(0): resizing framebuffer to 2048x1152
[    37.756] (II) intel(0): switch to mode 2048x1152@60.0 on eDP1 using pipe 0, position (0, 0), rotation normal, reflection none
[   817.148] (**) Option "fd" "16"
[   817.148] (II) event2  - Power Button: device removed
[   817.148] (**) Option "fd" "19"
[   817.148] (II) event8  - Video Bus: device removed
[   817.148] (**) Option "fd" "20"
[   817.148] (II) event0  - Sleep Button: device removed
[   817.148] (**) Option "fd" "21"
[   817.148] (II) event6  - Integrated IR Camera: Integrate: device removed
[   817.148] (**) Option "fd" "22"
[   817.148] (II) event7  - Integrated Camera: Integrated C: device removed
[   817.148] (**) Option "fd" "23"
[   817.148] (II) event3  - AT Translated Set 2 keyboard: device removed
[   817.148] (**) Option "fd" "24"
[   817.148] (II) event4  - ThinkPad Extra Buttons: device removed
[   817.148] (**) Option "fd" "25"
[   817.148] (II) event9  - Synaptics TM3289-021: device removed
[   817.148] (**) Option "fd" "26"
[   817.148] (II) event18 - TPPS/2 Elan TrackPoint: device removed
[   817.148] (II) UnloadModule: "libinput"
[   817.148] (II) systemd-logind: releasing fd for 13:82
[   817.198] (II) UnloadModule: "libinput"
[   817.198] (II) systemd-logind: releasing fd for 13:73
[   817.271] (II) UnloadModule: "libinput"
[   817.271] (II) systemd-logind: releasing fd for 13:68
[   817.298] (II) UnloadModule: "libinput"
[   817.298] (II) systemd-logind: releasing fd for 13:67
[   817.325] (II) UnloadModule: "libinput"
[   817.325] (II) systemd-logind: releasing fd for 13:71
[   817.392] (II) UnloadModule: "libinput"
[   817.393] (II) systemd-logind: releasing fd for 13:70
[   817.446] (II) UnloadModule: "libinput"
[   817.446] (II) systemd-logind: releasing fd for 13:64
[   817.472] (II) UnloadModule: "libinput"
[   817.473] (II) systemd-logind: releasing fd for 13:72
[   817.537] (II) UnloadModule: "libinput"
[   817.537] (II) systemd-logind: releasing fd for 13:66
[   817.619] (II) Server terminated successfully (0). Closing log file.
