Looking for git in: git
Using git 2.29.2 from git
> git rev-parse --git-dir
Open repository: /home/jim/.dotfiles
> git fetch
> git status -z -u
> git symbolic-ref --short HEAD
> git rev-parse master
> git rev-parse --symbolic-full-name master@{u}
> git rev-list --left-right master...refs/remotes/origin/master
> git for-each-ref --sort -committerdate --format %(refname) %(objectname)
> git remote --verbose
warning: ignoring broken ref refs/remotes/origin/master',
> git config --get commit.template
> git status -z -u
> git show --textconv :README
> git ls-files --stage -- /home/jim/.dotfiles/README
> git check-ignore -v -z --stdin
> git cat-file -s a1be3df4154f098b248794c9779501e08c93ac3b
> git symbolic-ref --short HEAD
> git rev-parse master
> git rev-parse --symbolic-full-name master@{u}
> git rev-list --left-right master...refs/remotes/origin/master
> git for-each-ref --sort -committerdate --format %(refname) %(objectname)
> git remote --verbose
warning: ignoring broken ref refs/remotes/origin/master',
> git config --get commit.template
> git ls-files --stage -- /home/jim/.dotfiles/README
> git cat-file -s a1be3df4154f098b248794c9779501e08c93ac3b
> git show --textconv :README
> git status -z -u
> git symbolic-ref --short HEAD
> git rev-parse master
> git rev-parse --symbolic-full-name master@{u}
> git rev-list --left-right master...refs/remotes/origin/master
> git for-each-ref --sort -committerdate --format %(refname) %(objectname)
> git remote --verbose
warning: ignoring broken ref refs/remotes/origin/master',
> git config --get commit.template
