Looking for git in: git
Using git 2.29.2 from git
> git rev-parse --git-dir
Open repository: /home/jim/.dotfiles
> git fetch
> git status -z -u
Auto packing the repository in background for optimum performance.
See "git help gc" for manual housekeeping.
> git check-ignore -v -z --stdin
> git symbolic-ref --short HEAD
> git rev-parse master
> git rev-parse --symbolic-full-name master@{u}
> git rev-list --left-right master...refs/remotes/origin/master
> git for-each-ref --sort -committerdate --format %(refname) %(objectname)
> git remote --verbose
Warning: Failed to watch ref '/home/jim/.dotfiles/.git/refs/remotes/origin/master', is most likely packed.
> git config --get commit.template
> git status -z -u
> git show --textconv :.cache/chromium/Default/Cache/0bace2b201626669_0
> git ls-files --stage -- /home/jim/.dotfiles/.cache/chromium/Default/Cache/0bace2b201626669_0
> git cat-file -s 70b727d37b47c75c69191ef2b9a21f2a33110070
> git ls-files --stage -- /home/jim/.dotfiles/.cache/chromium/Default/Cache/0bace2b201626669_0
> git cat-file -s 70b727d37b47c75c69191ef2b9a21f2a33110070
> git log --format=%H%n%aN%n%aE%n%at%n%ct%n%P%n%B -z -n21 -- /home/jim/.dotfiles/.cache/chromium/Default/Cache/0bace2b201626669_0
> git log --format=%H%n%aN%n%aE%n%at%n%ct%n%P%n%B -z -n41 -- /home/jim/.dotfiles/.cache/chromium/Default/Cache/0bace2b201626669_0
> git ls-files --stage -- /home/jim/.dotfiles/.cache/chromium/Default/Cache/0bace2b201626669_0
> git cat-file -s 70b727d37b47c75c69191ef2b9a21f2a33110070
> git show --textconv :.cache/chromium/Default/Cache/0bace2b201626669_0
> git symbolic-ref --short HEAD
> git rev-parse master
> git rev-parse --symbolic-full-name master@{u}
> git rev-list --left-right master...refs/remotes/origin/master
> git for-each-ref --sort -committerdate --format %(refname) %(objectname)
> git remote --verbose
Warning: Failed to watch ref '/home/jim/.dotfiles/.git/refs/remotes/origin/master', is most likely packed.
> git config --get commit.template
> git rev-list --count index.. -- /home/jim/.dotfiles/.cache/chromium/Default/Cache/0bace2b201626669_0
fatal: bad revision 'index..'
> git log --format=%H%n%aN%n%aE%n%at%n%ct%n%P%n%B -z -- /home/jim/.dotfiles/.cache/chromium/Default/Cache/0bace2b201626669_0
> git check-ignore -v -z --stdin
> git commit --quiet --allow-empty-message --file -
Author identity unknown

*** Please tell me who you are.

Run

  git config --global user.email "you@example.com"
  git config --global user.name "Your Name"

to set your account's default identity.
Omit --global to set the identity only in this repository.

fatal: unable to auto-detect email address (got 'jim@thinkpad.(none)')
> git config --get-all user.name
> git show --textconv :.git/config
> git ls-files --stage -- /home/jim/.dotfiles/.git/config
> git check-ignore -v -z --stdin
> git checkout -q master
> git status -z -u
> git symbolic-ref --short HEAD
> git rev-parse master
> git rev-parse --symbolic-full-name master@{u}
> git rev-list --left-right master...refs/remotes/origin/master
> git for-each-ref --sort -committerdate --format %(refname) %(objectname)
> git remote --verbose
Warning: Failed to watch ref '/home/jim/.dotfiles/.git/refs/remotes/origin/master', is most likely packed.
> git config --get commit.template
> git check-ignore -v -z --stdin
> git show --textconv :.git/refs/remotes/origin/master',
> git ls-files --stage -- /home/jim/.dotfiles/.git/refs/remotes/origin/master',
> git commit --quiet --allow-empty-message --file -
Author identity unknown

*** Please tell me who you are.

Run

  git config --global user.email "you@example.com"
  git config --global user.name "Your Name"

to set your account's default identity.
Omit --global to set the identity only in this repository.

fatal: unable to auto-detect email address (got 'jim@thinkpad.(none)')
> git config --get-all user.name
> git fetch
> git status -z -u
> git symbolic-ref --short HEAD
> git rev-parse master
> git rev-parse --symbolic-full-name master@{u}
> git rev-list --left-right master...refs/remotes/origin/master
> git for-each-ref --sort -committerdate --format %(refname) %(objectname)
> git remote --verbose
warning: ignoring broken ref refs/remotes/origin/master',
Warning: Failed to watch ref '/home/jim/.dotfiles/.git/refs/remotes/origin/master', is most likely packed.
> git config --get commit.template
> git ls-files --stage -- /home/jim/.dotfiles/.git/refs/remotes/origin/master',
> git show --textconv :.git/refs/remotes/origin/master',
> git commit --quiet --allow-empty-message --file -
> git status -z -u
> git symbolic-ref --short HEAD
> git rev-parse master
> git rev-parse --symbolic-full-name master@{u}
> git rev-list --left-right master...refs/remotes/origin/master
> git for-each-ref --sort -committerdate --format %(refname) %(objectname)
> git remote --verbose
warning: ignoring broken ref refs/remotes/origin/master',
Warning: Failed to watch ref '/home/jim/.dotfiles/.git/refs/remotes/origin/master', is most likely packed.
> git config --get commit.template
> git ls-files --stage -- /home/jim/.dotfiles/.git/refs/remotes/origin/master',
> git show --textconv :.git/refs/remotes/origin/master',
> git check-ignore -v -z --stdin
> git status -z -u
> git symbolic-ref --short HEAD
> git rev-parse master
> git rev-parse --symbolic-full-name master@{u}
> git rev-list --left-right master...refs/remotes/origin/master
> git for-each-ref --sort -committerdate --format %(refname) %(objectname)
> git remote --verbose
warning: ignoring broken ref refs/remotes/origin/master',
Warning: Failed to watch ref '/home/jim/.dotfiles/.git/refs/remotes/origin/master', is most likely packed.
> git config --get commit.template
> git pull --tags origin master
warning: Pulling without specifying how to reconcile divergent branches is
discouraged. You can squelch this message by running one of the following
commands sometime before your next pull:

  git config pull.rebase false  # merge (the default strategy)
  git config pull.rebase true   # rebase
  git config pull.ff only       # fast-forward only

You can replace "git config" with "git config --global" to set a default
preference for all repositories. You can also pass --rebase, --no-rebase,
or --ff-only on the command line to override the configured default per
invocation.

From https://github.com/jrgalioto/.dotfiles
 * branch              master     -> FETCH_HEAD
> git push origin master:master
> git ls-files --stage -- /home/jim/.dotfiles/.git/refs/remotes/origin/master',
> git show --textconv :.git/refs/remotes/origin/master',
To https://github.com/jrgalioto/.dotfiles
   24be551e..0525d193  master -> master
> git status -z -u
> git symbolic-ref --short HEAD
> git rev-parse master
> git rev-parse --symbolic-full-name master@{u}
> git rev-list --left-right master...refs/remotes/origin/master
> git for-each-ref --sort -committerdate --format %(refname) %(objectname)
> git remote --verbose
warning: ignoring broken ref refs/remotes/origin/master',
> git config --get commit.template
> git fetch
> git status -z -u
> git symbolic-ref --short HEAD
> git rev-parse master
> git rev-parse --symbolic-full-name master@{u}
> git rev-list --left-right master...refs/remotes/origin/master
> git for-each-ref --sort -committerdate --format %(refname) %(objectname)
> git remote --verbose
warning: ignoring broken ref refs/remotes/origin/master',
> git config --get commit.template
> git ls-files --stage -- /home/jim/.dotfiles/.git/refs/remotes/origin/master',
> git show --textconv :.git/refs/remotes/origin/master',
> git add -A -- .
> git commit --quiet --allow-empty-message --file -
> git config --get-all user.name
> git config --get-all user.email
> git ls-files --stage -- /home/jim/.dotfiles/.git/refs/remotes/origin/master',
> git show --textconv :.git/refs/remotes/origin/master',
> git status -z -u
> git symbolic-ref --short HEAD
> git rev-parse master
> git rev-parse --symbolic-full-name master@{u}
> git rev-list --left-right master...refs/remotes/origin/master
> git for-each-ref --sort -committerdate --format %(refname) %(objectname)
> git remote --verbose
warning: ignoring broken ref refs/remotes/origin/master',
> git config --get commit.template
> git add -A -- .
> git commit --quiet --allow-empty-message --file -
> git config --get-all user.name
> git config --get-all user.email
> git ls-files --stage -- /home/jim/.dotfiles/.git/refs/remotes/origin/master',
> git show --textconv :.git/refs/remotes/origin/master',
